Loading rhel8/default-amp
  Loading requirement: dot rhel8/slurm singularity/current rhel8/global
    cuda/11.4 libpciaccess/0.16/gcc-9.4.0-6fonbj6
    libiconv/1.16/gcc-9.4.0-ahebbov libxml2/2.9.12/gcc-9.4.0-gnknt5e
    ncurses/6.2/gcc-9.4.0-aiirok7 hwloc/2.5.0/gcc-9.4.0-7sqomga
    libevent/2.1.12/gcc-9.4.0-hgny7cm numactl/2.0.14/gcc-9.4.0-52dwc6n
    cuda/11.4.0/gcc-9.4.0-3hnxhjt gdrcopy/2.2/gcc-9.4.0-e4igtfp
    knem/1.1.4/gcc-9.4.0-bpbxgva libnl/3.3.0/gcc-9.4.0-whwhrwb
    rdma-core/34.0/gcc-9.4.0-5eo5n2u ucx/1.11.1/gcc-9.4.0-lktqyl4
    openmpi/4.1.1/gcc-9.4.0-epagguv
Changed directory to /rds/user/nc630/hpc-work/MLMI4/latent-bottlenecked-anp/contextual_bandits.

JobID: 45936888
======
Time: Fri Feb 23 12:26:40 GMT 2024
Running on master node: gpu-q-73
Current directory: /rds/user/nc630/hpc-work/MLMI4/latent-bottlenecked-anp/contextual_bandits

Nodes allocated:
================
gpu-q-73

numtasks=1, numnodes=1, mpi_tasks_per_node=1 (OMP_NUM_THREADS=1)

Executing command:
==================
python3 main.py --expid tnpd_default_10000-epoch --cmab_mode train --num_epochs 20000 --resume True > logs/out.45936888

Experiment: Bandit Train | tnpd_default_10000-epoch
Device: cuda

Total number of parameters: 15530

0it [00:00, ?it/s]0it [00:00, ?it/s]
